# JRE version: Java(TM) SE Runtime Environment (8.0_111-b14) (build 1.8.0_111-b14)
# Java VM: Java HotSpot(TM) 64-Bit Server VM (25.111-b14 mixed mode linux-amd64 compressed oops)
Heap:
 def new generation   total 16512K, used 0K [0x00000000c0000000, 0x00000000c11e0000, 0x00000000d5550000)
  eden space 14720K,   0% used [0x00000000c0000000, 0x00000000c0000000, 0x00000000c0e60000)
  from space 1792K,   0% used [0x00000000c0e60000, 0x00000000c0e60000, 0x00000000c1020000)
  to   space 1792K,   0% used [0x00000000c1020000, 0x00000000c1020000, 0x00000000c11e0000)
 tenured generation   total 36744K, used 28331K [0x00000000d5550000, 0x00000000d7932000, 0x0000000100000000)
   the space 36744K,  77% used [0x00000000d5550000, 0x00000000d70fad40, 0x00000000d70fae00, 0x00000000d7932000)
 Metaspace       used 72047K, capacity 73630K, committed 73856K, reserved 1114112K
  class space    used 9321K, capacity 10032K, committed 10112K, reserved 1048576K
GC Heap History (10 events):
Event: 46.544 GC heap after
Heap after GC invocations=232 (full 6):
 def new generation   total 16512K, used 193K [0x00000000c0000000, 0x00000000c11e0000, 0x00000000d5550000)
  eden space 14720K,   0% used [0x00000000c0000000, 0x00000000c0000000, 0x00000000c0e60000)
  from space 1792K,  10% used [0x00000000c1020000, 0x00000000c1050478, 0x00000000c11e0000)
  to   space 1792K,   0% used [0x00000000c0e60000, 0x00000000c0e60000, 0x00000000c1020000)
 tenured generation   total 36552K, used 34121K [0x00000000d5550000, 0x00000000d7902000, 0x0000000100000000)
   the space 36552K,  93% used [0x00000000d5550000, 0x00000000d76a2500, 0x00000000d76a2600, 0x00000000d7902000)
 Metaspace       used 71758K, capacity 73352K, committed 73600K, reserved 1112064K
  class space    used 9302K, capacity 9991K, committed 10112K, reserved 1048576K
}
Event: 46.776 GC heap before
{Heap before GC invocations=232 (full 6):
 def new generation   total 16512K, used 14913K [0x00000000c0000000, 0x00000000c11e0000, 0x00000000d5550000)
  eden space 14720K, 100% used [0x00000000c0000000, 0x00000000c0e60000, 0x00000000c0e60000)
  from space 1792K,  10% used [0x00000000c1020000, 0x00000000c1050478, 0x00000000c11e0000)
  to   space 1792K,   0% used [0x00000000c0e60000, 0x00000000c0e60000, 0x00000000c1020000)
 tenured generation   total 36552K, used 34121K [0x00000000d5550000, 0x00000000d7902000, 0x0000000100000000)
   the space 36552K,  93% used [0x00000000d5550000, 0x00000000d76a2500, 0x00000000d76a2600, 0x00000000d7902000)
 Metaspace       used 71798K, capacity 73416K, committed 73600K, reserved 1112064K
  class space    used 9302K, capacity 9991K, committed 10112K, reserved 1048576K
Event: 46.781 GC heap after
Heap after GC invocations=233 (full 6):
 def new generation   total 16512K, used 767K [0x00000000c0000000, 0x00000000c11e0000, 0x00000000d5550000)
  eden space 14720K,   0% used [0x00000000c0000000, 0x00000000c0000000, 0x00000000c0e60000)
  from space 1792K,  42% used [0x00000000c0e60000, 0x00000000c0f1fd78, 0x00000000c1020000)
  to   space 1792K,   0% used [0x00000000c1020000, 0x00000000c1020000, 0x00000000c11e0000)
 tenured generation   total 36552K, used 34121K [0x00000000d5550000, 0x00000000d7902000, 0x0000000100000000)
   the space 36552K,  93% used [0x00000000d5550000, 0x00000000d76a2500, 0x00000000d76a2600, 0x00000000d7902000)
 Metaspace       used 71798K, capacity 73416K, committed 73600K, reserved 1112064K
  class space    used 9302K, capacity 9991K, committed 10112K, reserved 1048576K
}
Event: 46.941 GC heap before
{Heap before GC invocations=233 (full 6):
 def new generation   total 16512K, used 15373K [0x00000000c0000000, 0x00000000c11e0000, 0x00000000d5550000)
  eden space 14720K,  99% used [0x00000000c0000000, 0x00000000c0e43820, 0x00000000c0e60000)
  from space 1792K,  42% used [0x00000000c0e60000, 0x00000000c0f1fd78, 0x00000000c1020000)
  to   space 1792K,   0% used [0x00000000c1020000, 0x00000000c1020000, 0x00000000c11e0000)
 tenured generation   total 36552K, used 34121K [0x00000000d5550000, 0x00000000d7902000, 0x0000000100000000)
   the space 36552K,  93% used [0x00000000d5550000, 0x00000000d76a2500, 0x00000000d76a2600, 0x00000000d7902000)
 Metaspace       used 71966K, capacity 73566K, committed 73856K, reserved 1114112K
  class space    used 9320K, capacity 10032K, committed 10112K, reserved 1048576K
Event: 46.945 GC heap after
Heap after GC invocations=234 (full 6):
 def new generation   total 16512K, used 943K [0x00000000c0000000, 0x00000000c11e0000, 0x00000000d5550000)
  eden space 14720K,   0% used [0x00000000c0000000, 0x00000000c0000000, 0x00000000c0e60000)
  from space 1792K,  52% used [0x00000000c1020000, 0x00000000c110bec8, 0x00000000c11e0000)
  to   space 1792K,   0% used [0x00000000c0e60000, 0x00000000c0e60000, 0x00000000c1020000)
 tenured generation   total 36552K, used 34121K [0x00000000d5550000, 0x00000000d7902000, 0x0000000100000000)
   the space 36552K,  93% used [0x00000000d5550000, 0x00000000d76a2500, 0x00000000d76a2600, 0x00000000d7902000)
 Metaspace       used 71966K, capacity 73566K, committed 73856K, reserved 1114112K
  class space    used 9320K, capacity 10032K, committed 10112K, reserved 1048576K
}
Event: 47.859 GC heap before
{Heap before GC invocations=234 (full 6):
 def new generation   total 16512K, used 15663K [0x00000000c0000000, 0x00000000c11e0000, 0x00000000d5550000)
  eden space 14720K, 100% used [0x00000000c0000000, 0x00000000c0e60000, 0x00000000c0e60000)
  from space 1792K,  52% used [0x00000000c1020000, 0x00000000c110bec8, 0x00000000c11e0000)
  to   space 1792K,   0% used [0x00000000c0e60000, 0x00000000c0e60000, 0x00000000c1020000)
 tenured generation   total 36552K, used 34121K [0x00000000d5550000, 0x00000000d7902000, 0x0000000100000000)
   the space 36552K,  93% used [0x00000000d5550000, 0x00000000d76a2500, 0x00000000d76a2600, 0x00000000d7902000)
 Metaspace       used 71993K, capacity 73630K, committed 73856K, reserved 1114112K
  class space    used 9320K, capacity 10032K, committed 10112K, reserved 1048576K
Event: 47.865 GC heap after
Heap after GC invocations=235 (full 6):
 def new generation   total 16512K, used 1055K [0x00000000c0000000, 0x00000000c11e0000, 0x00000000d5550000)
  eden space 14720K,   0% used [0x00000000c0000000, 0x00000000c0000000, 0x00000000c0e60000)
  from space 1792K,  58% used [0x00000000c0e60000, 0x00000000c0f67db8, 0x00000000c1020000)
  to   space 1792K,   0% used [0x00000000c1020000, 0x00000000c1020000, 0x00000000c11e0000)
 tenured generation   total 36552K, used 34137K [0x00000000d5550000, 0x00000000d7902000, 0x0000000100000000)
   the space 36552K,  93% used [0x00000000d5550000, 0x00000000d76a6600, 0x00000000d76a6600, 0x00000000d7902000)
 Metaspace       used 71993K, capacity 73630K, committed 73856K, reserved 1114112K
  class space    used 9320K, capacity 10032K, committed 10112K, reserved 1048576K
}
Event: 48.086 GC heap before
{Heap before GC invocations=235 (full 6):
 def new generation   total 16512K, used 15775K [0x00000000c0000000, 0x00000000c11e0000, 0x00000000d5550000)
  eden space 14720K, 100% used [0x00000000c0000000, 0x00000000c0e60000, 0x00000000c0e60000)
  from space 1792K,  58% used [0x00000000c0e60000, 0x00000000c0f67db8, 0x00000000c1020000)
  to   space 1792K,   0% used [0x00000000c1020000, 0x00000000c1020000, 0x00000000c11e0000)
 tenured generation   total 36552K, used 34137K [0x00000000d5550000, 0x00000000d7902000, 0x0000000100000000)
   the space 36552K,  93% used [0x00000000d5550000, 0x00000000d76a6600, 0x00000000d76a6600, 0x00000000d7902000)
 Metaspace       used 72046K, capacity 73630K, committed 73856K, reserved 1114112K
  class space    used 9321K, capacity 10032K, committed 10112K, reserved 1048576K
Event: 48.105 GC heap after
Heap after GC invocations=236 (full 6):
 def new generation   total 16512K, used 1791K [0x00000000c0000000, 0x00000000c11e0000, 0x00000000d5550000)
  eden space 14720K,   0% used [0x00000000c0000000, 0x00000000c0000000, 0x00000000c0e60000)
  from space 1792K,  99% used [0x00000000c1020000, 0x00000000c11dfff8, 0x00000000c11e0000)
  to   space 1792K,   0% used [0x00000000c0e60000, 0x00000000c0e60000, 0x00000000c1020000)
 tenured generation   total 36552K, used 34871K [0x00000000d5550000, 0x00000000d7902000, 0x0000000100000000)
   the space 36552K,  95% used [0x00000000d5550000, 0x00000000d775df90, 0x00000000d775e000, 0x00000000d7902000)
 Metaspace       used 72046K, capacity 73630K, committed 73856K, reserved 1114112K
  class space    used 9321K, capacity 10032K, committed 10112K, reserved 1048576K
}
Event: 48.262 GC heap before
{Heap before GC invocations=236 (full 6):
 def new generation   total 16512K, used 16511K [0x00000000c0000000, 0x00000000c11e0000, 0x00000000d5550000)
  eden space 14720K, 100% used [0x00000000c0000000, 0x00000000c0e60000, 0x00000000c0e60000)
  from space 1792K,  99% used [0x00000000c1020000, 0x00000000c11dfff8, 0x00000000c11e0000)
  to   space 1792K,   0% used [0x00000000c0e60000, 0x00000000c0e60000, 0x00000000c1020000)
 tenured generation   total 36552K, used 34871K [0x00000000d5550000, 0x00000000d7902000, 0x0000000100000000)
   the space 36552K,  95% used [0x00000000d5550000, 0x00000000d775df90, 0x00000000d775e000, 0x00000000d7902000)
 Metaspace       used 72047K, capacity 73630K, committed 73856K, reserved 1114112K
  class space    used 9321K, capacity 10032K, committed 10112K, reserved 1048576K

